<?xml version="1.0" encoding="utf-8"?><testsuites name="pytest tests"><testsuite name="pytest" errors="0" failures="0" skipped="0" tests="24" time="15.082" timestamp="2026-09-08T13:32:50.743569+00:00" hostname="agent-env-f98d0d89-951d-40b2-ab26-8af19ee8be30"><testcase classname="backend.tests.test_mystic_tarot.TestHealth" name="test_root" time="0.166" /><testcase classname="backend.tests.test_mystic_tarot.TestAuth" name="test_signup_duplicate_rejected" time="0.387" /><testcase classname="backend.tests.test_mystic_tarot.TestAuth" name="test_signup_weak_password" time="0.075" /><testcase classname="backend.tests.test_mystic_tarot.TestAuth" name="test_login_success" time="0.298" /><testcase classname="backend.tests.test_mystic_tarot.TestAuth" name="test_login_wrong_password" time="0.300" /><testcase classname="backend.tests.test_mystic_tarot.TestAuth" name="test_me_with_token" time="0.076" /><testcase classname="backend.tests.test_mystic_tarot.TestAuth" name="test_me_without_token" time="0.078" /><testcase classname="backend.tests.test_mystic_tarot.TestCards" name="test_list_cards" time="0.119" /><testcase classname="backend.tests.test_mystic_tarot.TestCards" name="test_get_card_by_id" time="0.169" /><testcase classname="backend.tests.test_mystic_tarot.TestCards" name="test_get_card_not_found" time="0.075" /><testcase classname="backend.tests.test_mystic_tarot.TestLessons" name="test_list_lessons" time="0.094" /><testcase classname="backend.tests.test_mystic_tarot.TestLessons" name="test_get_lesson_by_id" time="0.157" /><testcase classname="backend.tests.test_mystic_tarot.TestQuizzes" name="test_quiz_requires_auth" time="0.197" /><testcase classname="backend.tests.test_mystic_tarot.TestQuizzes" name="test_quiz_omits_correct_index" time="0.168" /><testcase classname="backend.tests.test_mystic_tarot.TestQuizzes" name="test_submit_quiz_all_correct" time="0.429" /><testcase classname="backend.tests.test_mystic_tarot.TestQuizzes" name="test_submit_quiz_hearts_lost" time="0.266" /><testcase classname="backend.tests.test_mystic_tarot.TestQuizzes" name="test_submit_quiz_bad_answer_count" time="0.160" /><testcase classname="backend.tests.test_mystic_tarot.TestUsers" name="test_refill_hearts" time="0.152" /><testcase classname="backend.tests.test_mystic_tarot.TestUsers" name="test_progress" time="0.074" /><testcase classname="backend.tests.test_phase3.TestQuizVariants" name="test_quiz_has_6_questions_with_types" time="0.684" /><testcase classname="backend.tests.test_phase3.TestAchievements" name="test_achievements_endpoint" time="0.131" /><testcase classname="backend.tests.test_phase3.TestAchievements" name="test_achievements_requires_auth" time="0.096" /><testcase classname="backend.tests.test_phase3.TestQuizSubmitPhase3" name="test_submit_response_has_new_fields" time="0.312" /><testcase classname="backend.tests.test_phase3.TestQuizSubmitPhase3" name="test_perfect_submission_unlocks_first_lesson" time="10.323" /></testsuite></testsuites>