<?xml version="1.0" encoding="utf-8"?><testsuites name="pytest tests"><testsuite name="pytest" errors="0" failures="0" skipped="0" tests="19" time="2.341" timestamp="2026-06-17T09:45:10.020736+00:00" hostname="agent-env-f98d0d89-951d-40b2-ab26-8af19ee8be30"><testcase classname="backend.tests.test_mystic_tarot.TestHealth" name="test_root" time="0.174" /><testcase classname="backend.tests.test_mystic_tarot.TestAuth" name="test_signup_duplicate_rejected" time="0.313" /><testcase classname="backend.tests.test_mystic_tarot.TestAuth" name="test_signup_weak_password" time="0.043" /><testcase classname="backend.tests.test_mystic_tarot.TestAuth" name="test_login_success" time="0.265" /><testcase classname="backend.tests.test_mystic_tarot.TestAuth" name="test_login_wrong_password" time="0.269" /><testcase classname="backend.tests.test_mystic_tarot.TestAuth" name="test_me_with_token" time="0.048" /><testcase classname="backend.tests.test_mystic_tarot.TestAuth" name="test_me_without_token" time="0.046" /><testcase classname="backend.tests.test_mystic_tarot.TestCards" name="test_list_cards" time="0.043" /><testcase classname="backend.tests.test_mystic_tarot.TestCards" name="test_get_card_by_id" time="0.090" /><testcase classname="backend.tests.test_mystic_tarot.TestCards" name="test_get_card_not_found" time="0.044" /><testcase classname="backend.tests.test_mystic_tarot.TestLessons" name="test_list_lessons" time="0.045" /><testcase classname="backend.tests.test_mystic_tarot.TestLessons" name="test_get_lesson_by_id" time="0.089" /><testcase classname="backend.tests.test_mystic_tarot.TestQuizzes" name="test_quiz_requires_auth" time="0.089" /><testcase classname="backend.tests.test_mystic_tarot.TestQuizzes" name="test_quiz_omits_correct_index" time="0.089" /><testcase classname="backend.tests.test_mystic_tarot.TestQuizzes" name="test_submit_quiz_all_correct" time="0.259" /><testcase classname="backend.tests.test_mystic_tarot.TestQuizzes" name="test_submit_quiz_hearts_lost" time="0.133" /><testcase classname="backend.tests.test_mystic_tarot.TestQuizzes" name="test_submit_quiz_bad_answer_count" time="0.085" /><testcase classname="backend.tests.test_mystic_tarot.TestUsers" name="test_refill_hearts" time="0.087" /><testcase classname="backend.tests.test_mystic_tarot.TestUsers" name="test_progress" time="0.043" /></testsuite></testsuites>